[0.014s] Invoking command in '/home/isabel/IR2117/ros2_ws/build/examples': CMAKE_PREFIX_PATH=/opt/ros/humble /usr/bin/cmake /home/isabel/IR2117/ros2_ws/src/examples -DCMAKE_INSTALL_PREFIX=/home/isabel/IR2117/ros2_ws/install/examples
[0.080s] -- The C compiler identification is GNU 11.4.0
[0.146s] -- The CXX compiler identification is GNU 11.4.0
[0.155s] -- Detecting C compiler ABI info
[0.248s] -- Detecting C compiler ABI info - done
[0.254s] -- Check for working C compiler: /usr/bin/cc - skipped
[0.255s] -- Detecting C compile features
[0.255s] -- Detecting C compile features - done
[0.258s] -- Detecting CXX compiler ABI info
[0.358s] -- Detecting CXX compiler ABI info - done
[0.365s] -- Check for working CXX compiler: /usr/bin/c++ - skipped
[0.365s] -- Detecting CXX compile features
[0.365s] -- Detecting CXX compile features - done
[0.369s] -- Found ament_cmake: 1.3.12 (/opt/ros/humble/share/ament_cmake/cmake)
[0.521s] -- Found Python3: /usr/bin/python3 (found version "3.10.12") found components: Interpreter 
[0.621s] -- Found rclcpp: 16.0.15 (/opt/ros/humble/share/rclcpp/cmake)
[0.666s] -- Found rosidl_generator_c: 3.1.7 (/opt/ros/humble/share/rosidl_generator_c/cmake)
[0.672s] -- Found rosidl_adapter: 3.1.7 (/opt/ros/humble/share/rosidl_adapter/cmake)
[0.681s] -- Found rosidl_generator_cpp: 3.1.7 (/opt/ros/humble/share/rosidl_generator_cpp/cmake)
[0.693s] -- Using all available rosidl_typesupport_c: rosidl_typesupport_fastrtps_c;rosidl_typesupport_introspection_c
[0.710s] -- Using all available rosidl_typesupport_cpp: rosidl_typesupport_fastrtps_cpp;rosidl_typesupport_introspection_cpp
[0.754s] -- Found rmw_implementation_cmake: 6.1.2 (/opt/ros/humble/share/rmw_implementation_cmake/cmake)
[0.757s] -- Found rmw_fastrtps_cpp: 6.2.9 (/opt/ros/humble/share/rmw_fastrtps_cpp/cmake)
[0.900s] -- Found OpenSSL: /usr/lib/x86_64-linux-gnu/libcrypto.so (found version "3.0.2")  
[0.932s] -- Found FastRTPS: /opt/ros/humble/include  
[0.983s] -- Using RMW implementation 'rmw_fastrtps_cpp' as default
[0.993s] -- Looking for pthread.h
[1.098s] -- Looking for pthread.h - found
[1.099s] -- Performing Test CMAKE_HAVE_LIBC_PTHREAD
[1.194s] -- Performing Test CMAKE_HAVE_LIBC_PTHREAD - Success
[1.195s] -- Found Threads: TRUE  
[1.247s] -- Found ament_lint_auto: 0.12.14 (/opt/ros/humble/share/ament_lint_auto/cmake)
[1.328s] -- Added test 'cppcheck' to perform static code analysis on C / C++ code
[1.328s] -- Configured cppcheck include dirs: 
[1.328s] -- Configured cppcheck exclude dirs and/or files: 
[1.328s] -- Added test 'lint_cmake' to check CMake code style
[1.329s] -- Added test 'uncrustify' to check C / C++ code style
[1.329s] -- Configured uncrustify additional arguments: 
[1.329s] -- Added test 'xmllint' to check XML markup files
[1.331s] -- Configuring done
[1.344s] -- Generating done
[1.349s] -- Build files have been written to: /home/isabel/IR2117/ros2_ws/build/examples
[1.367s] Invoked command in '/home/isabel/IR2117/ros2_ws/build/examples' returned '0': CMAKE_PREFIX_PATH=/opt/ros/humble /usr/bin/cmake /home/isabel/IR2117/ros2_ws/src/examples -DCMAKE_INSTALL_PREFIX=/home/isabel/IR2117/ros2_ws/install/examples
[1.370s] Invoking command in '/home/isabel/IR2117/ros2_ws/build/examples': CMAKE_PREFIX_PATH=/opt/ros/humble /usr/bin/cmake --build /home/isabel/IR2117/ros2_ws/build/examples -- -j12 -l12
[1.439s] [ 25%] [32mBuilding CXX object CMakeFiles/publisher.dir/src/publisher.cpp.o[0m
[1.440s] [ 50%] [32mBuilding CXX object CMakeFiles/subscriber.dir/src/subscriber.cpp.o[0m
[4.982s] [ 75%] [32m[1mLinking CXX executable publisher[0m
[5.169s] [ 75%] Built target publisher
[8.016s] [100%] [32m[1mLinking CXX executable subscriber[0m
[8.399s] [100%] Built target subscriber
[8.412s] Invoked command in '/home/isabel/IR2117/ros2_ws/build/examples' returned '0': CMAKE_PREFIX_PATH=/opt/ros/humble /usr/bin/cmake --build /home/isabel/IR2117/ros2_ws/build/examples -- -j12 -l12
[8.424s] Invoking command in '/home/isabel/IR2117/ros2_ws/build/examples': CMAKE_PREFIX_PATH=/opt/ros/humble /usr/bin/cmake --install /home/isabel/IR2117/ros2_ws/build/examples
[8.432s] -- Install configuration: ""
[8.432s] -- Installing: /home/isabel/IR2117/ros2_ws/install/examples/lib/examples/publisher
[8.433s] -- Set runtime path of "/home/isabel/IR2117/ros2_ws/install/examples/lib/examples/publisher" to ""
[8.433s] -- Installing: /home/isabel/IR2117/ros2_ws/install/examples/lib/examples/subscriber
[8.437s] -- Set runtime path of "/home/isabel/IR2117/ros2_ws/install/examples/lib/examples/subscriber" to ""
[8.437s] -- Installing: /home/isabel/IR2117/ros2_ws/install/examples/share/ament_index/resource_index/package_run_dependencies/examples
[8.437s] -- Installing: /home/isabel/IR2117/ros2_ws/install/examples/share/ament_index/resource_index/parent_prefix_path/examples
[8.437s] -- Installing: /home/isabel/IR2117/ros2_ws/install/examples/share/examples/environment/ament_prefix_path.sh
[8.438s] -- Installing: /home/isabel/IR2117/ros2_ws/install/examples/share/examples/environment/ament_prefix_path.dsv
[8.438s] -- Installing: /home/isabel/IR2117/ros2_ws/install/examples/share/examples/environment/path.sh
[8.438s] -- Installing: /home/isabel/IR2117/ros2_ws/install/examples/share/examples/environment/path.dsv
[8.438s] -- Installing: /home/isabel/IR2117/ros2_ws/install/examples/share/examples/local_setup.bash
[8.438s] -- Installing: /home/isabel/IR2117/ros2_ws/install/examples/share/examples/local_setup.sh
[8.438s] -- Installing: /home/isabel/IR2117/ros2_ws/install/examples/share/examples/local_setup.zsh
[8.438s] -- Installing: /home/isabel/IR2117/ros2_ws/install/examples/share/examples/local_setup.dsv
[8.438s] -- Installing: /home/isabel/IR2117/ros2_ws/install/examples/share/examples/package.dsv
[8.439s] -- Installing: /home/isabel/IR2117/ros2_ws/install/examples/share/ament_index/resource_index/packages/examples
[8.439s] -- Installing: /home/isabel/IR2117/ros2_ws/install/examples/share/examples/cmake/examplesConfig.cmake
[8.439s] -- Installing: /home/isabel/IR2117/ros2_ws/install/examples/share/examples/cmake/examplesConfig-version.cmake
[8.439s] -- Installing: /home/isabel/IR2117/ros2_ws/install/examples/share/examples/package.xml
[8.442s] Invoked command in '/home/isabel/IR2117/ros2_ws/build/examples' returned '0': CMAKE_PREFIX_PATH=/opt/ros/humble /usr/bin/cmake --install /home/isabel/IR2117/ros2_ws/build/examples
