-- The C compiler identification is GNU 10.5.0
-- The CXX compiler identification is GNU 10.5.0
-- Detecting C compiler ABI info
-- Detecting C compiler ABI info - done
-- Check for working C compiler: /usr/bin/cc - skipped
-- Detecting C compile features
-- Detecting C compile features - done
-- Detecting CXX compiler ABI info
-- Detecting CXX compiler ABI info - done
-- Check for working CXX compiler: /usr/bin/c++ - skipped
-- Detecting CXX compile features
-- Detecting CXX compile features - done
-- Found ament_cmake: 1.3.12 (/opt/ros/humble/share/ament_cmake/cmake)
-- Found Python3: /usr/bin/python3 (found version "3.10.12") found components: Interpreter 
-- Found rclcpp: 16.0.17 (/opt/ros/humble/share/rclcpp/cmake)
-- Found rosidl_generator_c: 3.1.8 (/opt/ros/humble/share/rosidl_generator_c/cmake)
-- Found rosidl_adapter: 3.1.8 (/opt/ros/humble/share/rosidl_adapter/cmake)
-- Found rosidl_generator_cpp: 3.1.8 (/opt/ros/humble/share/rosidl_generator_cpp/cmake)
-- Using all available rosidl_typesupport_c: rosidl_typesupport_fastrtps_c;rosidl_typesupport_introspection_c
-- Using all available rosidl_typesupport_cpp: rosidl_typesupport_fastrtps_cpp;rosidl_typesupport_introspection_cpp
-- Found rmw_implementation_cmake: 6.1.2 (/opt/ros/humble/share/rmw_implementation_cmake/cmake)
-- Found rmw_fastrtps_cpp: 6.2.9 (/opt/ros/humble/share/rmw_fastrtps_cpp/cmake)
-- Found OpenSSL: /usr/lib/x86_64-linux-gnu/libcrypto.so (found version "3.0.2")  
-- Found FastRTPS: /opt/ros/humble/include  
-- Using RMW implementation 'rmw_fastrtps_cpp' as default
-- Looking for pthread.h
-- Looking for pthread.h - found
-- Performing Test CMAKE_HAVE_LIBC_PTHREAD
-- Performing Test CMAKE_HAVE_LIBC_PTHREAD - Success
-- Found Threads: TRUE  
-- Found geometry_msgs: 4.9.0 (/opt/ros/humble/share/geometry_msgs/cmake)
-- Found nav_msgs: 4.9.0 (/opt/ros/humble/share/nav_msgs/cmake)
-- Found sensor_msgs: 4.9.0 (/opt/ros/humble/share/sensor_msgs/cmake)
-- Configuring done
-- Generating done
-- Build files have been written to: /home/usuario/Documentos/GitHub/IR2117/tb3_ws/build/robot_trayectory
[ 50%] [32mBuilding CXX object CMakeFiles/wandering.dir/src/wandering.cpp.o[0m
[ 50%] [32mBuilding CXX object CMakeFiles/square.dir/src/square.cpp.o[0m
[ 50%] [32mBuilding CXX object CMakeFiles/square_odom.dir/src/square_odom.cpp.o[0m
[ 66%] [32m[1mLinking CXX executable square[0m
[ 66%] Built target square
[ 83%] [32m[1mLinking CXX executable square_odom[0m
[100%] [32m[1mLinking CXX executable wandering[0m
[100%] Built target square_odom
[100%] Built target wandering
-- Install configuration: ""
-- Installing: /home/usuario/Documentos/GitHub/IR2117/tb3_ws/install/robot_trayectory/lib/robot_trayectory/square
-- Set runtime path of "/home/usuario/Documentos/GitHub/IR2117/tb3_ws/install/robot_trayectory/lib/robot_trayectory/square" to ""
-- Installing: /home/usuario/Documentos/GitHub/IR2117/tb3_ws/install/robot_trayectory/lib/robot_trayectory/square_odom
-- Set runtime path of "/home/usuario/Documentos/GitHub/IR2117/tb3_ws/install/robot_trayectory/lib/robot_trayectory/square_odom" to ""
-- Installing: /home/usuario/Documentos/GitHub/IR2117/tb3_ws/install/robot_trayectory/lib/robot_trayectory/wandering
-- Set runtime path of "/home/usuario/Documentos/GitHub/IR2117/tb3_ws/install/robot_trayectory/lib/robot_trayectory/wandering" to ""
-- Installing: /home/usuario/Documentos/GitHub/IR2117/tb3_ws/install/robot_trayectory/share/robot_trayectory/launch
-- Installing: /home/usuario/Documentos/GitHub/IR2117/tb3_ws/install/robot_trayectory/share/robot_trayectory/launch/square.launch.py
-- Installing: /home/usuario/Documentos/GitHub/IR2117/tb3_ws/install/robot_trayectory/share/ament_index/resource_index/package_run_dependencies/robot_trayectory
-- Installing: /home/usuario/Documentos/GitHub/IR2117/tb3_ws/install/robot_trayectory/share/ament_index/resource_index/parent_prefix_path/robot_trayectory
-- Installing: /home/usuario/Documentos/GitHub/IR2117/tb3_ws/install/robot_trayectory/share/robot_trayectory/environment/ament_prefix_path.sh
-- Installing: /home/usuario/Documentos/GitHub/IR2117/tb3_ws/install/robot_trayectory/share/robot_trayectory/environment/ament_prefix_path.dsv
-- Installing: /home/usuario/Documentos/GitHub/IR2117/tb3_ws/install/robot_trayectory/share/robot_trayectory/environment/path.sh
-- Installing: /home/usuario/Documentos/GitHub/IR2117/tb3_ws/install/robot_trayectory/share/robot_trayectory/environment/path.dsv
-- Installing: /home/usuario/Documentos/GitHub/IR2117/tb3_ws/install/robot_trayectory/share/robot_trayectory/local_setup.bash
-- Installing: /home/usuario/Documentos/GitHub/IR2117/tb3_ws/install/robot_trayectory/share/robot_trayectory/local_setup.sh
-- Installing: /home/usuario/Documentos/GitHub/IR2117/tb3_ws/install/robot_trayectory/share/robot_trayectory/local_setup.zsh
-- Installing: /home/usuario/Documentos/GitHub/IR2117/tb3_ws/install/robot_trayectory/share/robot_trayectory/local_setup.dsv
-- Installing: /home/usuario/Documentos/GitHub/IR2117/tb3_ws/install/robot_trayectory/share/robot_trayectory/package.dsv
-- Installing: /home/usuario/Documentos/GitHub/IR2117/tb3_ws/install/robot_trayectory/share/ament_index/resource_index/packages/robot_trayectory
-- Installing: /home/usuario/Documentos/GitHub/IR2117/tb3_ws/install/robot_trayectory/share/robot_trayectory/cmake/robot_trayectoryConfig.cmake
-- Installing: /home/usuario/Documentos/GitHub/IR2117/tb3_ws/install/robot_trayectory/share/robot_trayectory/cmake/robot_trayectoryConfig-version.cmake
-- Installing: /home/usuario/Documentos/GitHub/IR2117/tb3_ws/install/robot_trayectory/share/robot_trayectory/package.xml
