[0.008s] Invoking command in '/home/usuario/Documentos/GitHub/IR2117/tb3_ws/build/robot_trayectory': CMAKE_PREFIX_PATH=/opt/ros/humble /usr/bin/cmake /home/usuario/Documentos/GitHub/IR2117/tb3_ws/src/robot_trayectory -DCMAKE_INSTALL_PREFIX=/home/usuario/Documentos/GitHub/IR2117/tb3_ws/install/robot_trayectory
[0.170s] -- The C compiler identification is GNU 10.5.0
[0.273s] -- The CXX compiler identification is GNU 10.5.0
[0.284s] -- Detecting C compiler ABI info
[0.350s] -- Detecting C compiler ABI info - done
[0.354s] -- Check for working C compiler: /usr/bin/cc - skipped
[0.355s] -- Detecting C compile features
[0.356s] -- Detecting C compile features - done
[0.359s] -- Detecting CXX compiler ABI info
[0.431s] -- Detecting CXX compiler ABI info - done
[0.436s] -- Check for working CXX compiler: /usr/bin/c++ - skipped
[0.436s] -- Detecting CXX compile features
[0.436s] -- Detecting CXX compile features - done
[0.445s] -- Found ament_cmake: 1.3.12 (/opt/ros/humble/share/ament_cmake/cmake)
[0.571s] -- Found Python3: /usr/bin/python3 (found version "3.10.12") found components: Interpreter 
[0.666s] -- Found rclcpp: 16.0.17 (/opt/ros/humble/share/rclcpp/cmake)
[0.729s] -- Found rosidl_generator_c: 3.1.8 (/opt/ros/humble/share/rosidl_generator_c/cmake)
[0.737s] -- Found rosidl_adapter: 3.1.8 (/opt/ros/humble/share/rosidl_adapter/cmake)
[0.749s] -- Found rosidl_generator_cpp: 3.1.8 (/opt/ros/humble/share/rosidl_generator_cpp/cmake)
[0.767s] -- Using all available rosidl_typesupport_c: rosidl_typesupport_fastrtps_c;rosidl_typesupport_introspection_c
[0.789s] -- Using all available rosidl_typesupport_cpp: rosidl_typesupport_fastrtps_cpp;rosidl_typesupport_introspection_cpp
[0.844s] -- Found rmw_implementation_cmake: 6.1.2 (/opt/ros/humble/share/rmw_implementation_cmake/cmake)
[0.848s] -- Found rmw_fastrtps_cpp: 6.2.9 (/opt/ros/humble/share/rmw_fastrtps_cpp/cmake)
[0.960s] -- Found OpenSSL: /usr/lib/x86_64-linux-gnu/libcrypto.so (found version "3.0.2")  
[0.994s] -- Found FastRTPS: /opt/ros/humble/include  
[1.045s] -- Using RMW implementation 'rmw_fastrtps_cpp' as default
[1.060s] -- Looking for pthread.h
[1.140s] -- Looking for pthread.h - found
[1.140s] -- Performing Test CMAKE_HAVE_LIBC_PTHREAD
[1.206s] -- Performing Test CMAKE_HAVE_LIBC_PTHREAD - Success
[1.207s] -- Found Threads: TRUE  
[1.273s] -- Found geometry_msgs: 4.9.0 (/opt/ros/humble/share/geometry_msgs/cmake)
[1.292s] -- Found nav_msgs: 4.9.0 (/opt/ros/humble/share/nav_msgs/cmake)
[1.312s] -- Found sensor_msgs: 4.9.0 (/opt/ros/humble/share/sensor_msgs/cmake)
[1.378s] -- Configuring done
[1.391s] -- Generating done
[1.395s] -- Build files have been written to: /home/usuario/Documentos/GitHub/IR2117/tb3_ws/build/robot_trayectory
[1.404s] Invoked command in '/home/usuario/Documentos/GitHub/IR2117/tb3_ws/build/robot_trayectory' returned '0': CMAKE_PREFIX_PATH=/opt/ros/humble /usr/bin/cmake /home/usuario/Documentos/GitHub/IR2117/tb3_ws/src/robot_trayectory -DCMAKE_INSTALL_PREFIX=/home/usuario/Documentos/GitHub/IR2117/tb3_ws/install/robot_trayectory
[1.406s] Invoking command in '/home/usuario/Documentos/GitHub/IR2117/tb3_ws/build/robot_trayectory': CMAKE_PREFIX_PATH=/opt/ros/humble /usr/bin/cmake --build /home/usuario/Documentos/GitHub/IR2117/tb3_ws/build/robot_trayectory -- -j6 -l6
[1.454s] [ 50%] [32mBuilding CXX object CMakeFiles/wandering.dir/src/wandering.cpp.o[0m
[1.454s] [ 50%] [32mBuilding CXX object CMakeFiles/square.dir/src/square.cpp.o[0m
[1.455s] [ 50%] [32mBuilding CXX object CMakeFiles/square_odom.dir/src/square_odom.cpp.o[0m
[5.107s] [ 66%] [32m[1mLinking CXX executable square[0m
[5.280s] [ 66%] Built target square
[8.612s] [ 83%] [32m[1mLinking CXX executable square_odom[0m
[8.632s] [100%] [32m[1mLinking CXX executable wandering[0m
[8.978s] [100%] Built target square_odom
[8.978s] [100%] Built target wandering
[8.989s] Invoked command in '/home/usuario/Documentos/GitHub/IR2117/tb3_ws/build/robot_trayectory' returned '0': CMAKE_PREFIX_PATH=/opt/ros/humble /usr/bin/cmake --build /home/usuario/Documentos/GitHub/IR2117/tb3_ws/build/robot_trayectory -- -j6 -l6
[8.998s] Invoking command in '/home/usuario/Documentos/GitHub/IR2117/tb3_ws/build/robot_trayectory': CMAKE_PREFIX_PATH=/opt/ros/humble /usr/bin/cmake --install /home/usuario/Documentos/GitHub/IR2117/tb3_ws/build/robot_trayectory
[9.006s] -- Install configuration: ""
[9.006s] -- Installing: /home/usuario/Documentos/GitHub/IR2117/tb3_ws/install/robot_trayectory/lib/robot_trayectory/square
[9.007s] -- Set runtime path of "/home/usuario/Documentos/GitHub/IR2117/tb3_ws/install/robot_trayectory/lib/robot_trayectory/square" to ""
[9.007s] -- Installing: /home/usuario/Documentos/GitHub/IR2117/tb3_ws/install/robot_trayectory/lib/robot_trayectory/square_odom
[9.012s] -- Set runtime path of "/home/usuario/Documentos/GitHub/IR2117/tb3_ws/install/robot_trayectory/lib/robot_trayectory/square_odom" to ""
[9.012s] -- Installing: /home/usuario/Documentos/GitHub/IR2117/tb3_ws/install/robot_trayectory/lib/robot_trayectory/wandering
[9.017s] -- Set runtime path of "/home/usuario/Documentos/GitHub/IR2117/tb3_ws/install/robot_trayectory/lib/robot_trayectory/wandering" to ""
[9.017s] -- Installing: /home/usuario/Documentos/GitHub/IR2117/tb3_ws/install/robot_trayectory/share/robot_trayectory/launch
[9.017s] -- Installing: /home/usuario/Documentos/GitHub/IR2117/tb3_ws/install/robot_trayectory/share/robot_trayectory/launch/square.launch.py
[9.017s] -- Installing: /home/usuario/Documentos/GitHub/IR2117/tb3_ws/install/robot_trayectory/share/ament_index/resource_index/package_run_dependencies/robot_trayectory
[9.018s] -- Installing: /home/usuario/Documentos/GitHub/IR2117/tb3_ws/install/robot_trayectory/share/ament_index/resource_index/parent_prefix_path/robot_trayectory
[9.018s] -- Installing: /home/usuario/Documentos/GitHub/IR2117/tb3_ws/install/robot_trayectory/share/robot_trayectory/environment/ament_prefix_path.sh
[9.018s] -- Installing: /home/usuario/Documentos/GitHub/IR2117/tb3_ws/install/robot_trayectory/share/robot_trayectory/environment/ament_prefix_path.dsv
[9.018s] -- Installing: /home/usuario/Documentos/GitHub/IR2117/tb3_ws/install/robot_trayectory/share/robot_trayectory/environment/path.sh
[9.018s] -- Installing: /home/usuario/Documentos/GitHub/IR2117/tb3_ws/install/robot_trayectory/share/robot_trayectory/environment/path.dsv
[9.018s] -- Installing: /home/usuario/Documentos/GitHub/IR2117/tb3_ws/install/robot_trayectory/share/robot_trayectory/local_setup.bash
[9.018s] -- Installing: /home/usuario/Documentos/GitHub/IR2117/tb3_ws/install/robot_trayectory/share/robot_trayectory/local_setup.sh
[9.019s] -- Installing: /home/usuario/Documentos/GitHub/IR2117/tb3_ws/install/robot_trayectory/share/robot_trayectory/local_setup.zsh
[9.019s] -- Installing: /home/usuario/Documentos/GitHub/IR2117/tb3_ws/install/robot_trayectory/share/robot_trayectory/local_setup.dsv
[9.019s] -- Installing: /home/usuario/Documentos/GitHub/IR2117/tb3_ws/install/robot_trayectory/share/robot_trayectory/package.dsv
[9.019s] -- Installing: /home/usuario/Documentos/GitHub/IR2117/tb3_ws/install/robot_trayectory/share/ament_index/resource_index/packages/robot_trayectory
[9.019s] -- Installing: /home/usuario/Documentos/GitHub/IR2117/tb3_ws/install/robot_trayectory/share/robot_trayectory/cmake/robot_trayectoryConfig.cmake
[9.020s] -- Installing: /home/usuario/Documentos/GitHub/IR2117/tb3_ws/install/robot_trayectory/share/robot_trayectory/cmake/robot_trayectoryConfig-version.cmake
[9.020s] -- Installing: /home/usuario/Documentos/GitHub/IR2117/tb3_ws/install/robot_trayectory/share/robot_trayectory/package.xml
[9.038s] Invoked command in '/home/usuario/Documentos/GitHub/IR2117/tb3_ws/build/robot_trayectory' returned '0': CMAKE_PREFIX_PATH=/opt/ros/humble /usr/bin/cmake --install /home/usuario/Documentos/GitHub/IR2117/tb3_ws/build/robot_trayectory
