[0.009s] Invoking command in '/home/usuario/Documentos/GitHub/IR2117/tb3_ws/build/robot_trayectory': CMAKE_PREFIX_PATH=${CMAKE_PREFIX_PATH}:/opt/ros/humble /usr/bin/cmake --build /home/usuario/Documentos/GitHub/IR2117/tb3_ws/build/robot_trayectory -- -j6 -l6
[0.059s] [100%] Built target square
[0.059s] [100%] Built target wandering
[0.059s] [100%] Built target square_odom
[0.070s] Invoked command in '/home/usuario/Documentos/GitHub/IR2117/tb3_ws/build/robot_trayectory' returned '0': CMAKE_PREFIX_PATH=${CMAKE_PREFIX_PATH}:/opt/ros/humble /usr/bin/cmake --build /home/usuario/Documentos/GitHub/IR2117/tb3_ws/build/robot_trayectory -- -j6 -l6
[0.080s] Invoking command in '/home/usuario/Documentos/GitHub/IR2117/tb3_ws/build/robot_trayectory': CMAKE_PREFIX_PATH=${CMAKE_PREFIX_PATH}:/opt/ros/humble /usr/bin/cmake --install /home/usuario/Documentos/GitHub/IR2117/tb3_ws/build/robot_trayectory
[0.087s] -- Install configuration: ""
[0.087s] -- Up-to-date: /home/usuario/Documentos/GitHub/IR2117/tb3_ws/install/robot_trayectory/lib/robot_trayectory/square
[0.087s] -- Up-to-date: /home/usuario/Documentos/GitHub/IR2117/tb3_ws/install/robot_trayectory/lib/robot_trayectory/square_odom
[0.088s] -- Up-to-date: /home/usuario/Documentos/GitHub/IR2117/tb3_ws/install/robot_trayectory/lib/robot_trayectory/wandering
[0.088s] -- Up-to-date: /home/usuario/Documentos/GitHub/IR2117/tb3_ws/install/robot_trayectory/share/robot_trayectory/launch
[0.088s] -- Up-to-date: /home/usuario/Documentos/GitHub/IR2117/tb3_ws/install/robot_trayectory/share/robot_trayectory/launch/square.launch.py
[0.088s] -- Up-to-date: /home/usuario/Documentos/GitHub/IR2117/tb3_ws/install/robot_trayectory/share/ament_index/resource_index/package_run_dependencies/robot_trayectory
[0.088s] -- Up-to-date: /home/usuario/Documentos/GitHub/IR2117/tb3_ws/install/robot_trayectory/share/ament_index/resource_index/parent_prefix_path/robot_trayectory
[0.088s] -- Up-to-date: /home/usuario/Documentos/GitHub/IR2117/tb3_ws/install/robot_trayectory/share/robot_trayectory/environment/ament_prefix_path.sh
[0.088s] -- Up-to-date: /home/usuario/Documentos/GitHub/IR2117/tb3_ws/install/robot_trayectory/share/robot_trayectory/environment/ament_prefix_path.dsv
[0.088s] -- Up-to-date: /home/usuario/Documentos/GitHub/IR2117/tb3_ws/install/robot_trayectory/share/robot_trayectory/environment/path.sh
[0.088s] -- Up-to-date: /home/usuario/Documentos/GitHub/IR2117/tb3_ws/install/robot_trayectory/share/robot_trayectory/environment/path.dsv
[0.088s] -- Up-to-date: /home/usuario/Documentos/GitHub/IR2117/tb3_ws/install/robot_trayectory/share/robot_trayectory/local_setup.bash
[0.088s] -- Up-to-date: /home/usuario/Documentos/GitHub/IR2117/tb3_ws/install/robot_trayectory/share/robot_trayectory/local_setup.sh
[0.088s] -- Up-to-date: /home/usuario/Documentos/GitHub/IR2117/tb3_ws/install/robot_trayectory/share/robot_trayectory/local_setup.zsh
[0.088s] -- Up-to-date: /home/usuario/Documentos/GitHub/IR2117/tb3_ws/install/robot_trayectory/share/robot_trayectory/local_setup.dsv
[0.089s] -- Installing: /home/usuario/Documentos/GitHub/IR2117/tb3_ws/install/robot_trayectory/share/robot_trayectory/package.dsv
[0.089s] -- Up-to-date: /home/usuario/Documentos/GitHub/IR2117/tb3_ws/install/robot_trayectory/share/ament_index/resource_index/packages/robot_trayectory
[0.089s] -- Up-to-date: /home/usuario/Documentos/GitHub/IR2117/tb3_ws/install/robot_trayectory/share/robot_trayectory/cmake/robot_trayectoryConfig.cmake
[0.089s] -- Up-to-date: /home/usuario/Documentos/GitHub/IR2117/tb3_ws/install/robot_trayectory/share/robot_trayectory/cmake/robot_trayectoryConfig-version.cmake
[0.089s] -- Up-to-date: /home/usuario/Documentos/GitHub/IR2117/tb3_ws/install/robot_trayectory/share/robot_trayectory/package.xml
[0.090s] Invoked command in '/home/usuario/Documentos/GitHub/IR2117/tb3_ws/build/robot_trayectory' returned '0': CMAKE_PREFIX_PATH=${CMAKE_PREFIX_PATH}:/opt/ros/humble /usr/bin/cmake --install /home/usuario/Documentos/GitHub/IR2117/tb3_ws/build/robot_trayectory
