[0.016s] Invoking command in '/home/isabel/IR2117/ros2_ws/build/sum': CMAKE_PREFIX_PATH=/opt/ros/humble /usr/bin/cmake /home/isabel/IR2117/ros2_ws/src/sum -DCMAKE_INSTALL_PREFIX=/home/isabel/IR2117/ros2_ws/install/sum
[0.275s] -- The C compiler identification is GNU 11.4.0
[0.448s] -- The CXX compiler identification is GNU 11.4.0
[0.463s] -- Detecting C compiler ABI info
[0.569s] -- Detecting C compiler ABI info - done
[0.576s] -- Check for working C compiler: /usr/bin/cc - skipped
[0.576s] -- Detecting C compile features
[0.577s] -- Detecting C compile features - done
[0.581s] -- Detecting CXX compiler ABI info
[0.685s] -- Detecting CXX compiler ABI info - done
[0.692s] -- Check for working CXX compiler: /usr/bin/c++ - skipped
[0.692s] -- Detecting CXX compile features
[0.693s] -- Detecting CXX compile features - done
[0.702s] -- Found ament_cmake: 1.3.12 (/opt/ros/humble/share/ament_cmake/cmake)
[0.866s] -- Found Python3: /usr/bin/python3 (found version "3.10.12") found components: Interpreter 
[0.984s] -- Found ament_lint_auto: 0.12.14 (/opt/ros/humble/share/ament_lint_auto/cmake)
[1.074s] -- Added test 'lint_cmake' to check CMake code style
[1.076s] -- Added test 'xmllint' to check XML markup files
[1.077s] -- Configuring done
[1.081s] -- Generating done
[1.082s] -- Build files have been written to: /home/isabel/IR2117/ros2_ws/build/sum
[1.088s] Invoked command in '/home/isabel/IR2117/ros2_ws/build/sum' returned '0': CMAKE_PREFIX_PATH=/opt/ros/humble /usr/bin/cmake /home/isabel/IR2117/ros2_ws/src/sum -DCMAKE_INSTALL_PREFIX=/home/isabel/IR2117/ros2_ws/install/sum
[1.091s] Invoking command in '/home/isabel/IR2117/ros2_ws/build/sum': CMAKE_PREFIX_PATH=/opt/ros/humble /usr/bin/cmake --build /home/isabel/IR2117/ros2_ws/build/sum -- -j12 -l12
[1.141s] Invoked command in '/home/isabel/IR2117/ros2_ws/build/sum' returned '0': CMAKE_PREFIX_PATH=/opt/ros/humble /usr/bin/cmake --build /home/isabel/IR2117/ros2_ws/build/sum -- -j12 -l12
[1.154s] Invoking command in '/home/isabel/IR2117/ros2_ws/build/sum': CMAKE_PREFIX_PATH=/opt/ros/humble /usr/bin/cmake --install /home/isabel/IR2117/ros2_ws/build/sum
[1.161s] -- Install configuration: ""
[1.161s] -- Installing: /home/isabel/IR2117/ros2_ws/install/sum/share/ament_index/resource_index/package_run_dependencies/sum
[1.162s] -- Installing: /home/isabel/IR2117/ros2_ws/install/sum/share/ament_index/resource_index/parent_prefix_path/sum
[1.162s] -- Installing: /home/isabel/IR2117/ros2_ws/install/sum/share/sum/environment/ament_prefix_path.sh
[1.162s] -- Installing: /home/isabel/IR2117/ros2_ws/install/sum/share/sum/environment/ament_prefix_path.dsv
[1.162s] -- Installing: /home/isabel/IR2117/ros2_ws/install/sum/share/sum/environment/path.sh
[1.162s] -- Installing: /home/isabel/IR2117/ros2_ws/install/sum/share/sum/environment/path.dsv
[1.162s] -- Installing: /home/isabel/IR2117/ros2_ws/install/sum/share/sum/local_setup.bash
[1.163s] -- Installing: /home/isabel/IR2117/ros2_ws/install/sum/share/sum/local_setup.sh
[1.163s] -- Installing: /home/isabel/IR2117/ros2_ws/install/sum/share/sum/local_setup.zsh
[1.163s] -- Installing: /home/isabel/IR2117/ros2_ws/install/sum/share/sum/local_setup.dsv
[1.163s] -- Installing: /home/isabel/IR2117/ros2_ws/install/sum/share/sum/package.dsv
[1.163s] -- Installing: /home/isabel/IR2117/ros2_ws/install/sum/share/ament_index/resource_index/packages/sum
[1.163s] -- Installing: /home/isabel/IR2117/ros2_ws/install/sum/share/sum/cmake/sumConfig.cmake
[1.163s] -- Installing: /home/isabel/IR2117/ros2_ws/install/sum/share/sum/cmake/sumConfig-version.cmake
[1.164s] -- Installing: /home/isabel/IR2117/ros2_ws/install/sum/share/sum/package.xml
[1.166s] Invoked command in '/home/isabel/IR2117/ros2_ws/build/sum' returned '0': CMAKE_PREFIX_PATH=/opt/ros/humble /usr/bin/cmake --install /home/isabel/IR2117/ros2_ws/build/sum
